[0.273s] DEBUG:colcon:Command line arguments: ['/usr/bin/colcon', 'build', '--packages-select', 'robot_arm2']
[0.273s] DEBUG:colcon:Parsed command line arguments: Namespace(log_base=None, log_level=None, verb_name='build', build_base='build', install_base='install', merge_install=False, symlink_install=False, test_result_base=None, continue_on_error=False, executor='parallel', parallel_workers=8, event_handlers=None, ignore_user_meta=False, metas=['./colcon.meta'], base_paths=['.'], packages_ignore=None, packages_ignore_regex=None, paths=None, packages_up_to=None, packages_up_to_regex=None, packages_above=None, packages_above_and_dependencies=None, packages_above_depth=None, packages_select_by_dep=None, packages_skip_by_dep=None, packages_skip_up_to=None, packages_select_build_failed=False, packages_skip_build_finished=False, packages_select_test_failures=False, packages_skip_test_passed=False, packages_select=['robot_arm2'], packages_skip=None, packages_select_regex=None, packages_skip_regex=None, packages_start=None, packages_end=None, allow_overriding=[], cmake_args=None, cmake_target=None, cmake_target_skip_unavailable=False, cmake_clean_cache=False, cmake_clean_first=False, cmake_force_configure=False, ament_cmake_args=None, catkin_cmake_args=None, catkin_skip_building_tests=False, verb_parser=<colcon_defaults.argument_parser.defaults.DefaultArgumentsDecorator object at 0x70e2c781e1a0>, verb_extension=<colcon_core.verb.build.BuildVerb object at 0x70e2c794fca0>, main=<bound method BuildVerb.main of <colcon_core.verb.build.BuildVerb object at 0x70e2c794fca0>>)
[0.711s] Level 1:colcon.colcon_core.package_discovery:discover_packages(colcon_meta) check parameters
[0.711s] Level 1:colcon.colcon_core.package_discovery:discover_packages(recursive) check parameters
[0.711s] Level 1:colcon.colcon_core.package_discovery:discover_packages(ignore) check parameters
[0.712s] Level 1:colcon.colcon_core.package_discovery:discover_packages(path) check parameters
[0.712s] Level 1:colcon.colcon_core.package_discovery:discover_packages(colcon_meta) discover
[0.712s] Level 1:colcon.colcon_core.package_discovery:discover_packages(recursive) discover
[0.712s] INFO:colcon.colcon_core.package_discovery:Crawling recursively for packages in '/home/quan/robot_arm_uav'
[0.712s] Level 1:colcon.colcon_core.package_identification:_identify(.) by extensions ['ignore', 'ignore_ament_install']
[0.712s] Level 1:colcon.colcon_core.package_identification:_identify(.) by extension 'ignore'
[0.712s] Level 1:colcon.colcon_core.package_identification:_identify(.) by extension 'ignore_ament_install'
[0.713s] Level 1:colcon.colcon_core.package_identification:_identify(.) by extensions ['colcon_pkg']
[0.713s] Level 1:colcon.colcon_core.package_identification:_identify(.) by extension 'colcon_pkg'
[0.713s] Level 1:colcon.colcon_core.package_identification:_identify(.) by extensions ['colcon_meta']
[0.713s] Level 1:colcon.colcon_core.package_identification:_identify(.) by extension 'colcon_meta'
[0.713s] Level 1:colcon.colcon_core.package_identification:_identify(.) by extensions ['ros']
[0.713s] Level 1:colcon.colcon_core.package_identification:_identify(.) by extension 'ros'
[0.741s] Level 1:colcon.colcon_core.package_identification:_identify(.) by extensions ['cmake', 'python']
[0.741s] Level 1:colcon.colcon_core.package_identification:_identify(.) by extension 'cmake'
[0.741s] Level 1:colcon.colcon_core.package_identification:_identify(.) by extension 'python'
[0.741s] Level 1:colcon.colcon_core.package_identification:_identify(.) by extensions ['python_setup_py']
[0.741s] Level 1:colcon.colcon_core.package_identification:_identify(.) by extension 'python_setup_py'
[0.741s] Level 1:colcon.colcon_core.package_identification:_identify(build) by extensions ['ignore', 'ignore_ament_install']
[0.742s] Level 1:colcon.colcon_core.package_identification:_identify(build) by extension 'ignore'
[0.742s] Level 1:colcon.colcon_core.package_identification:_identify(build) ignored
[0.742s] Level 1:colcon.colcon_core.package_identification:_identify(install) by extensions ['ignore', 'ignore_ament_install']
[0.742s] Level 1:colcon.colcon_core.package_identification:_identify(install) by extension 'ignore'
[0.742s] Level 1:colcon.colcon_core.package_identification:_identify(install) ignored
[0.743s] Level 1:colcon.colcon_core.package_identification:_identify(log) by extensions ['ignore', 'ignore_ament_install']
[0.743s] Level 1:colcon.colcon_core.package_identification:_identify(log) by extension 'ignore'
[0.743s] Level 1:colcon.colcon_core.package_identification:_identify(log) ignored
[0.743s] Level 1:colcon.colcon_core.package_identification:_identify(ros2_ws) by extensions ['ignore', 'ignore_ament_install']
[0.743s] Level 1:colcon.colcon_core.package_identification:_identify(ros2_ws) by extension 'ignore'
[0.744s] Level 1:colcon.colcon_core.package_identification:_identify(ros2_ws) by extension 'ignore_ament_install'
[0.744s] Level 1:colcon.colcon_core.package_identification:_identify(ros2_ws) by extensions ['colcon_pkg']
[0.744s] Level 1:colcon.colcon_core.package_identification:_identify(ros2_ws) by extension 'colcon_pkg'
[0.744s] Level 1:colcon.colcon_core.package_identification:_identify(ros2_ws) by extensions ['colcon_meta']
[0.744s] Level 1:colcon.colcon_core.package_identification:_identify(ros2_ws) by extension 'colcon_meta'
[0.744s] Level 1:colcon.colcon_core.package_identification:_identify(ros2_ws) by extensions ['ros']
[0.744s] Level 1:colcon.colcon_core.package_identification:_identify(ros2_ws) by extension 'ros'
[0.744s] Level 1:colcon.colcon_core.package_identification:_identify(ros2_ws) by extensions ['cmake', 'python']
[0.744s] Level 1:colcon.colcon_core.package_identification:_identify(ros2_ws) by extension 'cmake'
[0.744s] Level 1:colcon.colcon_core.package_identification:_identify(ros2_ws) by extension 'python'
[0.745s] Level 1:colcon.colcon_core.package_identification:_identify(ros2_ws) by extensions ['python_setup_py']
[0.745s] Level 1:colcon.colcon_core.package_identification:_identify(ros2_ws) by extension 'python_setup_py'
[0.745s] Level 1:colcon.colcon_core.package_identification:_identify(ros2_ws/build) by extensions ['ignore', 'ignore_ament_install']
[0.745s] Level 1:colcon.colcon_core.package_identification:_identify(ros2_ws/build) by extension 'ignore'
[0.745s] Level 1:colcon.colcon_core.package_identification:_identify(ros2_ws/build) ignored
[0.745s] Level 1:colcon.colcon_core.package_identification:_identify(ros2_ws/install) by extensions ['ignore', 'ignore_ament_install']
[0.746s] Level 1:colcon.colcon_core.package_identification:_identify(ros2_ws/install) by extension 'ignore'
[0.746s] Level 1:colcon.colcon_core.package_identification:_identify(ros2_ws/install) ignored
[0.746s] Level 1:colcon.colcon_core.package_identification:_identify(ros2_ws/log) by extensions ['ignore', 'ignore_ament_install']
[0.746s] Level 1:colcon.colcon_core.package_identification:_identify(ros2_ws/log) by extension 'ignore'
[0.746s] Level 1:colcon.colcon_core.package_identification:_identify(ros2_ws/log) ignored
[0.747s] Level 1:colcon.colcon_core.package_identification:_identify(ros2_ws/preprocessed) by extensions ['ignore', 'ignore_ament_install']
[0.747s] Level 1:colcon.colcon_core.package_identification:_identify(ros2_ws/preprocessed) by extension 'ignore'
[0.747s] Level 1:colcon.colcon_core.package_identification:_identify(ros2_ws/preprocessed) by extension 'ignore_ament_install'
[0.747s] Level 1:colcon.colcon_core.package_identification:_identify(ros2_ws/preprocessed) by extensions ['colcon_pkg']
[0.747s] Level 1:colcon.colcon_core.package_identification:_identify(ros2_ws/preprocessed) by extension 'colcon_pkg'
[0.747s] Level 1:colcon.colcon_core.package_identification:_identify(ros2_ws/preprocessed) by extensions ['colcon_meta']
[0.747s] Level 1:colcon.colcon_core.package_identification:_identify(ros2_ws/preprocessed) by extension 'colcon_meta'
[0.747s] Level 1:colcon.colcon_core.package_identification:_identify(ros2_ws/preprocessed) by extensions ['ros']
[0.748s] Level 1:colcon.colcon_core.package_identification:_identify(ros2_ws/preprocessed) by extension 'ros'
[0.748s] Level 1:colcon.colcon_core.package_identification:_identify(ros2_ws/preprocessed) by extensions ['cmake', 'python']
[0.748s] Level 1:colcon.colcon_core.package_identification:_identify(ros2_ws/preprocessed) by extension 'cmake'
[0.748s] Level 1:colcon.colcon_core.package_identification:_identify(ros2_ws/preprocessed) by extension 'python'
[0.748s] Level 1:colcon.colcon_core.package_identification:_identify(ros2_ws/preprocessed) by extensions ['python_setup_py']
[0.748s] Level 1:colcon.colcon_core.package_identification:_identify(ros2_ws/preprocessed) by extension 'python_setup_py'
[0.748s] Level 1:colcon.colcon_core.package_identification:_identify(ros2_ws/src) by extensions ['ignore', 'ignore_ament_install']
[0.748s] Level 1:colcon.colcon_core.package_identification:_identify(ros2_ws/src) by extension 'ignore'
[0.749s] Level 1:colcon.colcon_core.package_identification:_identify(ros2_ws/src) by extension 'ignore_ament_install'
[0.749s] Level 1:colcon.colcon_core.package_identification:_identify(ros2_ws/src) by extensions ['colcon_pkg']
[0.749s] Level 1:colcon.colcon_core.package_identification:_identify(ros2_ws/src) by extension 'colcon_pkg'
[0.749s] Level 1:colcon.colcon_core.package_identification:_identify(ros2_ws/src) by extensions ['colcon_meta']
[0.749s] Level 1:colcon.colcon_core.package_identification:_identify(ros2_ws/src) by extension 'colcon_meta'
[0.749s] Level 1:colcon.colcon_core.package_identification:_identify(ros2_ws/src) by extensions ['ros']
[0.749s] Level 1:colcon.colcon_core.package_identification:_identify(ros2_ws/src) by extension 'ros'
[0.749s] Level 1:colcon.colcon_core.package_identification:_identify(ros2_ws/src) by extensions ['cmake', 'python']
[0.749s] Level 1:colcon.colcon_core.package_identification:_identify(ros2_ws/src) by extension 'cmake'
[0.749s] Level 1:colcon.colcon_core.package_identification:_identify(ros2_ws/src) by extension 'python'
[0.750s] Level 1:colcon.colcon_core.package_identification:_identify(ros2_ws/src) by extensions ['python_setup_py']
[0.750s] Level 1:colcon.colcon_core.package_identification:_identify(ros2_ws/src) by extension 'python_setup_py'
[0.750s] Level 1:colcon.colcon_core.package_identification:_identify(ros2_ws/src/robot_arm2) by extensions ['ignore', 'ignore_ament_install']
[0.750s] Level 1:colcon.colcon_core.package_identification:_identify(ros2_ws/src/robot_arm2) by extension 'ignore'
[0.750s] Level 1:colcon.colcon_core.package_identification:_identify(ros2_ws/src/robot_arm2) by extension 'ignore_ament_install'
[0.750s] Level 1:colcon.colcon_core.package_identification:_identify(ros2_ws/src/robot_arm2) by extensions ['colcon_pkg']
[0.750s] Level 1:colcon.colcon_core.package_identification:_identify(ros2_ws/src/robot_arm2) by extension 'colcon_pkg'
[0.750s] Level 1:colcon.colcon_core.package_identification:_identify(ros2_ws/src/robot_arm2) by extensions ['colcon_meta']
[0.751s] Level 1:colcon.colcon_core.package_identification:_identify(ros2_ws/src/robot_arm2) by extension 'colcon_meta'
[0.751s] Level 1:colcon.colcon_core.package_identification:_identify(ros2_ws/src/robot_arm2) by extensions ['ros']
[0.751s] Level 1:colcon.colcon_core.package_identification:_identify(ros2_ws/src/robot_arm2) by extension 'ros'
[0.773s] DEBUG:colcon.colcon_core.package_identification:Package 'ros2_ws/src/robot_arm2' with type 'ros.ament_cmake' and name 'robot_arm2'
[0.774s] Level 1:colcon.colcon_core.package_discovery:discover_packages(recursive) using defaults
[0.774s] Level 1:colcon.colcon_core.package_discovery:discover_packages(ignore) discover
[0.774s] Level 1:colcon.colcon_core.package_discovery:discover_packages(ignore) using defaults
[0.774s] Level 1:colcon.colcon_core.package_discovery:discover_packages(path) discover
[0.774s] Level 1:colcon.colcon_core.package_discovery:discover_packages(path) using defaults
[0.823s] Level 1:colcon.colcon_core.package_discovery:discover_packages(prefix_path) check parameters
[0.823s] Level 1:colcon.colcon_core.package_discovery:discover_packages(prefix_path) discover
[0.829s] DEBUG:colcon.colcon_installed_package_information.package_discovery:Found 336 installed packages in /opt/ros/humble
[0.833s] Level 1:colcon.colcon_core.package_discovery:discover_packages(prefix_path) using defaults
[0.951s] Level 5:colcon.colcon_core.verb:set package 'robot_arm2' build argument 'cmake_args' from command line to 'None'
[0.952s] Level 5:colcon.colcon_core.verb:set package 'robot_arm2' build argument 'cmake_target' from command line to 'None'
[0.952s] Level 5:colcon.colcon_core.verb:set package 'robot_arm2' build argument 'cmake_target_skip_unavailable' from command line to 'False'
[0.952s] Level 5:colcon.colcon_core.verb:set package 'robot_arm2' build argument 'cmake_clean_cache' from command line to 'False'
[0.952s] Level 5:colcon.colcon_core.verb:set package 'robot_arm2' build argument 'cmake_clean_first' from command line to 'False'
[0.952s] Level 5:colcon.colcon_core.verb:set package 'robot_arm2' build argument 'cmake_force_configure' from command line to 'False'
[0.952s] Level 5:colcon.colcon_core.verb:set package 'robot_arm2' build argument 'ament_cmake_args' from command line to 'None'
[0.952s] Level 5:colcon.colcon_core.verb:set package 'robot_arm2' build argument 'catkin_cmake_args' from command line to 'None'
[0.952s] Level 5:colcon.colcon_core.verb:set package 'robot_arm2' build argument 'catkin_skip_building_tests' from command line to 'False'
[0.952s] DEBUG:colcon.colcon_core.verb:Building package 'robot_arm2' with the following arguments: {'ament_cmake_args': None, 'build_base': '/home/quan/robot_arm_uav/build/robot_arm2', 'catkin_cmake_args': None, 'catkin_skip_building_tests': False, 'cmake_args': None, 'cmake_clean_cache': False, 'cmake_clean_first': False, 'cmake_force_configure': False, 'cmake_target': None, 'cmake_target_skip_unavailable': False, 'install_base': '/home/quan/robot_arm_uav/install/robot_arm2', 'merge_install': False, 'path': '/home/quan/robot_arm_uav/ros2_ws/src/robot_arm2', 'symlink_install': False, 'test_result_base': None}
[0.953s] INFO:colcon.colcon_core.executor:Executing jobs using 'parallel' executor
[0.955s] DEBUG:colcon.colcon_parallel_executor.executor.parallel:run_until_complete
[0.955s] INFO:colcon.colcon_ros.task.ament_cmake.build:Building ROS package in '/home/quan/robot_arm_uav/ros2_ws/src/robot_arm2' with build type 'ament_cmake'
[0.956s] INFO:colcon.colcon_cmake.task.cmake.build:Building CMake package in '/home/quan/robot_arm_uav/ros2_ws/src/robot_arm2'
[0.960s] INFO:colcon.colcon_core.plugin_system:Skipping extension 'colcon_core.shell.bat': Not used on non-Windows systems
[0.960s] INFO:colcon.colcon_core.shell:Skip shell extension 'powershell' for command environment: Not usable outside of PowerShell
[0.961s] DEBUG:colcon.colcon_core.shell:Skip shell extension 'dsv' for command environment
[0.985s] DEBUG:colcon.colcon_core.event_handler.log_command:Invoking command in '/home/quan/robot_arm_uav/build/robot_arm2': CMAKE_PREFIX_PATH=/opt/ros/humble /usr/bin/cmake --build /home/quan/robot_arm_uav/build/robot_arm2 -- -j8 -l8
[1.076s] DEBUG:colcon.colcon_core.event_handler.log_command:Invoked command in '/home/quan/robot_arm_uav/build/robot_arm2' returned '0': CMAKE_PREFIX_PATH=/opt/ros/humble /usr/bin/cmake --build /home/quan/robot_arm_uav/build/robot_arm2 -- -j8 -l8
[1.103s] DEBUG:colcon.colcon_core.event_handler.log_command:Invoking command in '/home/quan/robot_arm_uav/build/robot_arm2': CMAKE_PREFIX_PATH=/opt/ros/humble /usr/bin/cmake --install /home/quan/robot_arm_uav/build/robot_arm2
[1.139s] Level 1:colcon.colcon_core.environment:create_environment_scripts_only(robot_arm2)
[1.145s] DEBUG:colcon.colcon_core.event_handler.log_command:Invoked command in '/home/quan/robot_arm_uav/build/robot_arm2' returned '0': CMAKE_PREFIX_PATH=/opt/ros/humble /usr/bin/cmake --install /home/quan/robot_arm_uav/build/robot_arm2
[1.150s] Level 1:colcon.colcon_core.environment:checking '/home/quan/robot_arm_uav/install/robot_arm2' for CMake module files
[1.152s] Level 1:colcon.colcon_core.environment:checking '/home/quan/robot_arm_uav/install/robot_arm2' for CMake config files
[1.153s] Level 1:colcon.colcon_core.shell:create_environment_hook('robot_arm2', 'cmake_prefix_path')
[1.153s] INFO:colcon.colcon_core.shell:Creating environment hook '/home/quan/robot_arm_uav/install/robot_arm2/share/robot_arm2/hook/cmake_prefix_path.ps1'
[1.155s] INFO:colcon.colcon_core.shell:Creating environment descriptor '/home/quan/robot_arm_uav/install/robot_arm2/share/robot_arm2/hook/cmake_prefix_path.dsv'
[1.156s] INFO:colcon.colcon_core.shell:Creating environment hook '/home/quan/robot_arm_uav/install/robot_arm2/share/robot_arm2/hook/cmake_prefix_path.sh'
[1.158s] Level 1:colcon.colcon_core.environment:checking '/home/quan/robot_arm_uav/install/robot_arm2/lib'
[1.159s] Level 1:colcon.colcon_core.environment:checking '/home/quan/robot_arm_uav/install/robot_arm2/bin'
[1.159s] Level 1:colcon.colcon_core.environment:checking '/home/quan/robot_arm_uav/install/robot_arm2/lib/pkgconfig/robot_arm2.pc'
[1.159s] Level 1:colcon.colcon_core.environment:checking '/home/quan/robot_arm_uav/install/robot_arm2/lib/python3.10/site-packages'
[1.160s] Level 1:colcon.colcon_core.environment:checking '/home/quan/robot_arm_uav/install/robot_arm2/bin'
[1.161s] INFO:colcon.colcon_core.shell:Creating package script '/home/quan/robot_arm_uav/install/robot_arm2/share/robot_arm2/package.ps1'
[1.163s] INFO:colcon.colcon_core.shell:Creating package descriptor '/home/quan/robot_arm_uav/install/robot_arm2/share/robot_arm2/package.dsv'
[1.165s] INFO:colcon.colcon_core.shell:Creating package script '/home/quan/robot_arm_uav/install/robot_arm2/share/robot_arm2/package.sh'
[1.167s] INFO:colcon.colcon_core.shell:Creating package script '/home/quan/robot_arm_uav/install/robot_arm2/share/robot_arm2/package.bash'
[1.169s] INFO:colcon.colcon_core.shell:Creating package script '/home/quan/robot_arm_uav/install/robot_arm2/share/robot_arm2/package.zsh'
[1.171s] Level 1:colcon.colcon_core.environment:create_file_with_runtime_dependencies(/home/quan/robot_arm_uav/install/robot_arm2/share/colcon-core/packages/robot_arm2)
[1.172s] Level 1:colcon.colcon_core.environment:create_environment_scripts_only(robot_arm2)
[1.173s] Level 1:colcon.colcon_core.environment:checking '/home/quan/robot_arm_uav/install/robot_arm2' for CMake module files
[1.174s] Level 1:colcon.colcon_core.environment:checking '/home/quan/robot_arm_uav/install/robot_arm2' for CMake config files
[1.175s] Level 1:colcon.colcon_core.shell:create_environment_hook('robot_arm2', 'cmake_prefix_path')
[1.176s] INFO:colcon.colcon_core.shell:Creating environment hook '/home/quan/robot_arm_uav/install/robot_arm2/share/robot_arm2/hook/cmake_prefix_path.ps1'
[1.177s] INFO:colcon.colcon_core.shell:Creating environment descriptor '/home/quan/robot_arm_uav/install/robot_arm2/share/robot_arm2/hook/cmake_prefix_path.dsv'
[1.178s] INFO:colcon.colcon_core.shell:Creating environment hook '/home/quan/robot_arm_uav/install/robot_arm2/share/robot_arm2/hook/cmake_prefix_path.sh'
[1.180s] Level 1:colcon.colcon_core.environment:checking '/home/quan/robot_arm_uav/install/robot_arm2/lib'
[1.180s] Level 1:colcon.colcon_core.environment:checking '/home/quan/robot_arm_uav/install/robot_arm2/bin'
[1.180s] Level 1:colcon.colcon_core.environment:checking '/home/quan/robot_arm_uav/install/robot_arm2/lib/pkgconfig/robot_arm2.pc'
[1.181s] Level 1:colcon.colcon_core.environment:checking '/home/quan/robot_arm_uav/install/robot_arm2/lib/python3.10/site-packages'
[1.182s] Level 1:colcon.colcon_core.environment:checking '/home/quan/robot_arm_uav/install/robot_arm2/bin'
[1.183s] INFO:colcon.colcon_core.shell:Creating package script '/home/quan/robot_arm_uav/install/robot_arm2/share/robot_arm2/package.ps1'
[1.185s] INFO:colcon.colcon_core.shell:Creating package descriptor '/home/quan/robot_arm_uav/install/robot_arm2/share/robot_arm2/package.dsv'
[1.186s] INFO:colcon.colcon_core.shell:Creating package script '/home/quan/robot_arm_uav/install/robot_arm2/share/robot_arm2/package.sh'
[1.189s] INFO:colcon.colcon_core.shell:Creating package script '/home/quan/robot_arm_uav/install/robot_arm2/share/robot_arm2/package.bash'
[1.190s] INFO:colcon.colcon_core.shell:Creating package script '/home/quan/robot_arm_uav/install/robot_arm2/share/robot_arm2/package.zsh'
[1.191s] Level 1:colcon.colcon_core.environment:create_file_with_runtime_dependencies(/home/quan/robot_arm_uav/install/robot_arm2/share/colcon-core/packages/robot_arm2)
[1.192s] DEBUG:colcon.colcon_parallel_executor.executor.parallel:closing loop
[1.193s] DEBUG:colcon.colcon_parallel_executor.executor.parallel:loop closed
[1.193s] DEBUG:colcon.colcon_parallel_executor.executor.parallel:run_until_complete finished with '0'
[1.193s] DEBUG:colcon.colcon_core.event_reactor:joining thread
[1.208s] INFO:colcon.colcon_core.plugin_system:Skipping extension 'colcon_notification.desktop_notification.terminal_notifier': Not used on non-Darwin systems
[1.208s] INFO:colcon.colcon_core.plugin_system:Skipping extension 'colcon_notification.desktop_notification.win32': Not used on non-Windows systems
[1.208s] INFO:colcon.colcon_notification.desktop_notification:Sending desktop notification using 'notify2'
[1.237s] DEBUG:colcon.colcon_core.event_reactor:joined thread
[1.238s] INFO:colcon.colcon_core.shell:Creating prefix script '/home/quan/robot_arm_uav/install/local_setup.ps1'
[1.242s] INFO:colcon.colcon_core.shell:Creating prefix util module '/home/quan/robot_arm_uav/install/_local_setup_util_ps1.py'
[1.248s] INFO:colcon.colcon_core.shell:Creating prefix chain script '/home/quan/robot_arm_uav/install/setup.ps1'
[1.250s] INFO:colcon.colcon_core.shell:Creating prefix script '/home/quan/robot_arm_uav/install/local_setup.sh'
[1.252s] INFO:colcon.colcon_core.shell:Creating prefix util module '/home/quan/robot_arm_uav/install/_local_setup_util_sh.py'
[1.254s] INFO:colcon.colcon_core.shell:Creating prefix chain script '/home/quan/robot_arm_uav/install/setup.sh'
[1.257s] INFO:colcon.colcon_core.shell:Creating prefix script '/home/quan/robot_arm_uav/install/local_setup.bash'
[1.259s] INFO:colcon.colcon_core.shell:Creating prefix chain script '/home/quan/robot_arm_uav/install/setup.bash'
[1.261s] INFO:colcon.colcon_core.shell:Creating prefix script '/home/quan/robot_arm_uav/install/local_setup.zsh'
[1.262s] INFO:colcon.colcon_core.shell:Creating prefix chain script '/home/quan/robot_arm_uav/install/setup.zsh'
