-- Install configuration: ""
-- Up-to-date: /home/quan/robot_arm_uav/install/robot_arm2/share/robot_arm2/meshes
-- Up-to-date: /home/quan/robot_arm_uav/install/robot_arm2/share/robot_arm2/meshes/new_arm
-- Up-to-date: /home/quan/robot_arm_uav/install/robot_arm2/share/robot_arm2/meshes/new_arm/FlameWheel2_1.stl
-- Up-to-date: /home/quan/robot_arm_uav/install/robot_arm2/share/robot_arm2/meshes/new_arm/FlameWheel3_1.stl
-- Up-to-date: /home/quan/robot_arm_uav/install/robot_arm2/share/robot_arm2/meshes/new_arm/servoMG90S__2__1.stl
-- Up-to-date: /home/quan/robot_arm_uav/install/robot_arm2/share/robot_arm2/meshes/new_arm/servoMG90S__1__1.stl
-- Up-to-date: /home/quan/robot_arm_uav/install/robot_arm2/share/robot_arm2/meshes/new_arm/DigitalServo8120_1.stl
-- Up-to-date: /home/quan/robot_arm_uav/install/robot_arm2/share/robot_arm2/meshes/new_arm/quat_1.stl
-- Up-to-date: /home/quan/robot_arm_uav/install/robot_arm2/share/robot_arm2/meshes/new_arm/pin_1.stl
-- Up-to-date: /home/quan/robot_arm_uav/install/robot_arm2/share/robot_arm2/meshes/new_arm/mmmoootttooorrr__2__1.stl
-- Up-to-date: /home/quan/robot_arm_uav/install/robot_arm2/share/robot_arm2/meshes/new_arm/hopbut_1.stl
-- Up-to-date: /home/quan/robot_arm_uav/install/robot_arm2/share/robot_arm2/meshes/new_arm/FlameWheel1_1.stl
-- Up-to-date: /home/quan/robot_arm_uav/install/robot_arm2/share/robot_arm2/meshes/new_arm/FlameWheel4_1.stl
-- Up-to-date: /home/quan/robot_arm_uav/install/robot_arm2/share/robot_arm2/meshes/new_arm/link2_1.stl
-- Up-to-date: /home/quan/robot_arm_uav/install/robot_arm2/share/robot_arm2/meshes/new_arm/quat__3__1.stl
-- Up-to-date: /home/quan/robot_arm_uav/install/robot_arm2/share/robot_arm2/meshes/new_arm/link4_1.stl
-- Up-to-date: /home/quan/robot_arm_uav/install/robot_arm2/share/robot_arm2/meshes/new_arm/servoMG90S_1.stl
-- Up-to-date: /home/quan/robot_arm_uav/install/robot_arm2/share/robot_arm2/meshes/new_arm/link3_1.stl
-- Up-to-date: /home/quan/robot_arm_uav/install/robot_arm2/share/robot_arm2/meshes/new_arm/motor1_1.stl
-- Up-to-date: /home/quan/robot_arm_uav/install/robot_arm2/share/robot_arm2/meshes/new_arm/que1_1.stl
-- Up-to-date: /home/quan/robot_arm_uav/install/robot_arm2/share/robot_arm2/meshes/new_arm/but_1.stl
-- Up-to-date: /home/quan/robot_arm_uav/install/robot_arm2/share/robot_arm2/meshes/new_arm/DigitalServo8120__1__1.stl
-- Up-to-date: /home/quan/robot_arm_uav/install/robot_arm2/share/robot_arm2/meshes/new_arm/motor2_1.stl
-- Up-to-date: /home/quan/robot_arm_uav/install/robot_arm2/share/robot_arm2/meshes/new_arm/base_link.stl
-- Up-to-date: /home/quan/robot_arm_uav/install/robot_arm2/share/robot_arm2/meshes/new_arm/quat__1__1.stl
-- Up-to-date: /home/quan/robot_arm_uav/install/robot_arm2/share/robot_arm2/meshes/new_arm/than_tren_1.stl
-- Up-to-date: /home/quan/robot_arm_uav/install/robot_arm2/share/robot_arm2/meshes/new_arm/mmmoootttooorrr__3__1.stl
-- Up-to-date: /home/quan/robot_arm_uav/install/robot_arm2/share/robot_arm2/meshes/new_arm/DigitalServo8120__2__1.stl
-- Up-to-date: /home/quan/robot_arm_uav/install/robot_arm2/share/robot_arm2/meshes/new_arm/que2_1.stl
-- Up-to-date: /home/quan/robot_arm_uav/install/robot_arm2/share/robot_arm2/meshes/new_arm/quat__2__1.stl
-- Up-to-date: /home/quan/robot_arm_uav/install/robot_arm2/share/robot_arm2/meshes/new_arm/cuoi_1.stl
-- Up-to-date: /home/quan/robot_arm_uav/install/robot_arm2/share/robot_arm2/meshes/new_arm/base_1.stl
-- Up-to-date: /home/quan/robot_arm_uav/install/robot_arm2/share/robot_arm2/meshes/new_arm/link1_1.stl
-- Up-to-date: /home/quan/robot_arm_uav/install/robot_arm2/share/robot_arm2/meshes/new_arm/hopp_1.stl
-- Up-to-date: /home/quan/robot_arm_uav/install/robot_arm2/share/robot_arm2/urdf
-- Up-to-date: /home/quan/robot_arm_uav/install/robot_arm2/share/robot_arm2/urdf/materials.xacro
-- Up-to-date: /home/quan/robot_arm_uav/install/robot_arm2/share/robot_arm2/urdf/new_arm
-- Up-to-date: /home/quan/robot_arm_uav/install/robot_arm2/share/robot_arm2/urdf/new_arm/materials.xacro
-- Up-to-date: /home/quan/robot_arm_uav/install/robot_arm2/share/robot_arm2/urdf/new_arm/new_arm.gazebo.xacro
-- Up-to-date: /home/quan/robot_arm_uav/install/robot_arm2/share/robot_arm2/urdf/new_arm/new_arm.ros2_control.xacro
-- Up-to-date: /home/quan/robot_arm_uav/install/robot_arm2/share/robot_arm2/urdf/new_arm/new_arm.xacro
-- Up-to-date: /home/quan/robot_arm_uav/install/robot_arm2/share/robot_arm2/launch
-- Up-to-date: /home/quan/robot_arm_uav/install/robot_arm2/share/robot_arm2/launch/new_arm_gazebo.launch.py
-- Up-to-date: /home/quan/robot_arm_uav/install/robot_arm2/share/robot_arm2/config
-- Up-to-date: /home/quan/robot_arm_uav/install/robot_arm2/share/robot_arm2/config/new_arm_controllers.yaml
-- Up-to-date: /home/quan/robot_arm_uav/install/robot_arm2/share/robot_arm2/scripts
-- Installing: /home/quan/robot_arm_uav/install/robot_arm2/share/robot_arm2/scripts/log
-- Installing: /home/quan/robot_arm_uav/install/robot_arm2/share/robot_arm2/scripts/log/latest_build
-- Installing: /home/quan/robot_arm_uav/install/robot_arm2/share/robot_arm2/scripts/log/build_2026-03-27_16-31-06
-- Installing: /home/quan/robot_arm_uav/install/robot_arm2/share/robot_arm2/scripts/log/build_2026-03-27_16-31-06/events.log
-- Installing: /home/quan/robot_arm_uav/install/robot_arm2/share/robot_arm2/scripts/log/build_2026-03-27_16-31-06/logger_all.log
-- Installing: /home/quan/robot_arm_uav/install/robot_arm2/share/robot_arm2/scripts/log/COLCON_IGNORE
-- Installing: /home/quan/robot_arm_uav/install/robot_arm2/share/robot_arm2/scripts/log/latest
-- Installing: /home/quan/robot_arm_uav/install/robot_arm2/share/robot_arm2/scripts/build
-- Installing: /home/quan/robot_arm_uav/install/robot_arm2/share/robot_arm2/scripts/build/.built_by
-- Installing: /home/quan/robot_arm_uav/install/robot_arm2/share/robot_arm2/scripts/build/COLCON_IGNORE
-- Up-to-date: /home/quan/robot_arm_uav/install/robot_arm2/share/robot_arm2/scripts/predict_com_realtime.py
-- Up-to-date: /home/quan/robot_arm_uav/install/robot_arm2/share/robot_arm2/scripts/planar_trajectory.py
-- Up-to-date: /home/quan/robot_arm_uav/install/robot_arm2/share/robot_arm2/scripts/com_visualizer_node.py
-- Up-to-date: /home/quan/robot_arm_uav/install/robot_arm2/share/robot_arm2/scripts/data_generator.py
-- Up-to-date: /home/quan/robot_arm_uav/install/robot_arm2/share/robot_arm2/scripts/__pycache__
-- Up-to-date: /home/quan/robot_arm_uav/install/robot_arm2/share/robot_arm2/scripts/__pycache__/fk.cpython-310.pyc
-- Installing: /home/quan/robot_arm_uav/install/robot_arm2/share/robot_arm2/scripts/__pycache__/com_dashboard.cpython-310.pyc
-- Up-to-date: /home/quan/robot_arm_uav/install/robot_arm2/share/robot_arm2/scripts/__pycache__/data_generator.cpython-310.pyc
-- Up-to-date: /home/quan/robot_arm_uav/install/robot_arm2/share/robot_arm2/scripts/__pycache__/com_visualizer_node.cpython-310.pyc
-- Up-to-date: /home/quan/robot_arm_uav/install/robot_arm2/share/robot_arm2/scripts/calculate_global_com.py
-- Up-to-date: /home/quan/robot_arm_uav/install/robot_arm2/share/robot_arm2/scripts/train_1d_cnn.py
-- Up-to-date: /home/quan/robot_arm_uav/install/robot_arm2/share/robot_arm2/scripts/fk.py
-- Up-to-date: /home/quan/robot_arm_uav/install/robot_arm2/share/robot_arm2/scripts/new_arm_joint_slider.py
-- Up-to-date: /home/quan/robot_arm_uav/install/robot_arm2/share/robot_arm2/scripts/preprocess_com.py
-- Installing: /home/quan/robot_arm_uav/install/robot_arm2/share/robot_arm2/scripts/install
-- Installing: /home/quan/robot_arm_uav/install/robot_arm2/share/robot_arm2/scripts/install/.colcon_install_layout
-- Installing: /home/quan/robot_arm_uav/install/robot_arm2/share/robot_arm2/scripts/install/setup.zsh
-- Installing: /home/quan/robot_arm_uav/install/robot_arm2/share/robot_arm2/scripts/install/local_setup.ps1
-- Installing: /home/quan/robot_arm_uav/install/robot_arm2/share/robot_arm2/scripts/install/setup.bash
-- Installing: /home/quan/robot_arm_uav/install/robot_arm2/share/robot_arm2/scripts/install/local_setup.zsh
-- Installing: /home/quan/robot_arm_uav/install/robot_arm2/share/robot_arm2/scripts/install/setup.sh
-- Installing: /home/quan/robot_arm_uav/install/robot_arm2/share/robot_arm2/scripts/install/setup.ps1
-- Installing: /home/quan/robot_arm_uav/install/robot_arm2/share/robot_arm2/scripts/install/local_setup.sh
-- Installing: /home/quan/robot_arm_uav/install/robot_arm2/share/robot_arm2/scripts/install/_local_setup_util_ps1.py
-- Installing: /home/quan/robot_arm_uav/install/robot_arm2/share/robot_arm2/scripts/install/COLCON_IGNORE
-- Installing: /home/quan/robot_arm_uav/install/robot_arm2/share/robot_arm2/scripts/install/local_setup.bash
-- Installing: /home/quan/robot_arm_uav/install/robot_arm2/share/robot_arm2/scripts/install/_local_setup_util_sh.py
-- Installing: /home/quan/robot_arm_uav/install/robot_arm2/share/robot_arm2/scripts/com_dashboard.py
-- Up-to-date: /home/quan/robot_arm_uav/install/robot_arm2/lib/robot_arm2/new_arm_joint_slider.py
-- Up-to-date: /home/quan/robot_arm_uav/install/robot_arm2/share/ament_index/resource_index/package_run_dependencies/robot_arm2
-- Up-to-date: /home/quan/robot_arm_uav/install/robot_arm2/share/ament_index/resource_index/parent_prefix_path/robot_arm2
-- Up-to-date: /home/quan/robot_arm_uav/install/robot_arm2/share/robot_arm2/environment/ament_prefix_path.sh
-- Up-to-date: /home/quan/robot_arm_uav/install/robot_arm2/share/robot_arm2/environment/ament_prefix_path.dsv
-- Up-to-date: /home/quan/robot_arm_uav/install/robot_arm2/share/robot_arm2/environment/path.sh
-- Up-to-date: /home/quan/robot_arm_uav/install/robot_arm2/share/robot_arm2/environment/path.dsv
-- Up-to-date: /home/quan/robot_arm_uav/install/robot_arm2/share/robot_arm2/local_setup.bash
-- Up-to-date: /home/quan/robot_arm_uav/install/robot_arm2/share/robot_arm2/local_setup.sh
-- Up-to-date: /home/quan/robot_arm_uav/install/robot_arm2/share/robot_arm2/local_setup.zsh
-- Up-to-date: /home/quan/robot_arm_uav/install/robot_arm2/share/robot_arm2/local_setup.dsv
-- Up-to-date: /home/quan/robot_arm_uav/install/robot_arm2/share/robot_arm2/package.dsv
-- Up-to-date: /home/quan/robot_arm_uav/install/robot_arm2/share/ament_index/resource_index/packages/robot_arm2
-- Up-to-date: /home/quan/robot_arm_uav/install/robot_arm2/share/robot_arm2/cmake/robot_arm2Config.cmake
-- Up-to-date: /home/quan/robot_arm_uav/install/robot_arm2/share/robot_arm2/cmake/robot_arm2Config-version.cmake
-- Up-to-date: /home/quan/robot_arm_uav/install/robot_arm2/share/robot_arm2/package.xml
