[0.028s] Invoking command in '/home/quan/robot_arm_uav/build/robot_arm2': CMAKE_PREFIX_PATH=/opt/ros/humble /usr/bin/cmake --build /home/quan/robot_arm_uav/build/robot_arm2 -- -j8 -l8
[0.120s] Invoked command in '/home/quan/robot_arm_uav/build/robot_arm2' returned '0': CMAKE_PREFIX_PATH=/opt/ros/humble /usr/bin/cmake --build /home/quan/robot_arm_uav/build/robot_arm2 -- -j8 -l8
[0.146s] Invoking command in '/home/quan/robot_arm_uav/build/robot_arm2': CMAKE_PREFIX_PATH=/opt/ros/humble /usr/bin/cmake --install /home/quan/robot_arm_uav/build/robot_arm2
[0.164s] -- Install configuration: ""
[0.165s] -- Up-to-date: /home/quan/robot_arm_uav/install/robot_arm2/share/robot_arm2/meshes
[0.165s] -- Up-to-date: /home/quan/robot_arm_uav/install/robot_arm2/share/robot_arm2/meshes/new_arm
[0.165s] -- Up-to-date: /home/quan/robot_arm_uav/install/robot_arm2/share/robot_arm2/meshes/new_arm/FlameWheel2_1.stl
[0.166s] -- Up-to-date: /home/quan/robot_arm_uav/install/robot_arm2/share/robot_arm2/meshes/new_arm/FlameWheel3_1.stl
[0.166s] -- Up-to-date: /home/quan/robot_arm_uav/install/robot_arm2/share/robot_arm2/meshes/new_arm/servoMG90S__2__1.stl
[0.166s] -- Up-to-date: /home/quan/robot_arm_uav/install/robot_arm2/share/robot_arm2/meshes/new_arm/servoMG90S__1__1.stl
[0.166s] -- Up-to-date: /home/quan/robot_arm_uav/install/robot_arm2/share/robot_arm2/meshes/new_arm/DigitalServo8120_1.stl
[0.167s] -- Up-to-date: /home/quan/robot_arm_uav/install/robot_arm2/share/robot_arm2/meshes/new_arm/quat_1.stl
[0.167s] -- Up-to-date: /home/quan/robot_arm_uav/install/robot_arm2/share/robot_arm2/meshes/new_arm/pin_1.stl
[0.167s] -- Up-to-date: /home/quan/robot_arm_uav/install/robot_arm2/share/robot_arm2/meshes/new_arm/mmmoootttooorrr__2__1.stl
[0.167s] -- Up-to-date: /home/quan/robot_arm_uav/install/robot_arm2/share/robot_arm2/meshes/new_arm/hopbut_1.stl
[0.167s] -- Up-to-date: /home/quan/robot_arm_uav/install/robot_arm2/share/robot_arm2/meshes/new_arm/FlameWheel1_1.stl
[0.167s] -- Up-to-date: /home/quan/robot_arm_uav/install/robot_arm2/share/robot_arm2/meshes/new_arm/FlameWheel4_1.stl
[0.168s] -- Up-to-date: /home/quan/robot_arm_uav/install/robot_arm2/share/robot_arm2/meshes/new_arm/link2_1.stl
[0.168s] -- Up-to-date: /home/quan/robot_arm_uav/install/robot_arm2/share/robot_arm2/meshes/new_arm/quat__3__1.stl
[0.168s] -- Up-to-date: /home/quan/robot_arm_uav/install/robot_arm2/share/robot_arm2/meshes/new_arm/link4_1.stl
[0.168s] -- Up-to-date: /home/quan/robot_arm_uav/install/robot_arm2/share/robot_arm2/meshes/new_arm/servoMG90S_1.stl
[0.168s] -- Up-to-date: /home/quan/robot_arm_uav/install/robot_arm2/share/robot_arm2/meshes/new_arm/link3_1.stl
[0.169s] -- Up-to-date: /home/quan/robot_arm_uav/install/robot_arm2/share/robot_arm2/meshes/new_arm/motor1_1.stl
[0.169s] -- Up-to-date: /home/quan/robot_arm_uav/install/robot_arm2/share/robot_arm2/meshes/new_arm/que1_1.stl
[0.169s] -- Up-to-date: /home/quan/robot_arm_uav/install/robot_arm2/share/robot_arm2/meshes/new_arm/but_1.stl
[0.169s] -- Up-to-date: /home/quan/robot_arm_uav/install/robot_arm2/share/robot_arm2/meshes/new_arm/DigitalServo8120__1__1.stl
[0.169s] -- Up-to-date: /home/quan/robot_arm_uav/install/robot_arm2/share/robot_arm2/meshes/new_arm/motor2_1.stl
[0.170s] -- Up-to-date: /home/quan/robot_arm_uav/install/robot_arm2/share/robot_arm2/meshes/new_arm/base_link.stl
[0.170s] -- Up-to-date: /home/quan/robot_arm_uav/install/robot_arm2/share/robot_arm2/meshes/new_arm/quat__1__1.stl
[0.170s] -- Up-to-date: /home/quan/robot_arm_uav/install/robot_arm2/share/robot_arm2/meshes/new_arm/than_tren_1.stl
[0.170s] -- Up-to-date: /home/quan/robot_arm_uav/install/robot_arm2/share/robot_arm2/meshes/new_arm/mmmoootttooorrr__3__1.stl
[0.171s] -- Up-to-date: /home/quan/robot_arm_uav/install/robot_arm2/share/robot_arm2/meshes/new_arm/DigitalServo8120__2__1.stl
[0.171s] -- Up-to-date: /home/quan/robot_arm_uav/install/robot_arm2/share/robot_arm2/meshes/new_arm/que2_1.stl
[0.172s] -- Up-to-date: /home/quan/robot_arm_uav/install/robot_arm2/share/robot_arm2/meshes/new_arm/quat__2__1.stl
[0.172s] -- Up-to-date: /home/quan/robot_arm_uav/install/robot_arm2/share/robot_arm2/meshes/new_arm/cuoi_1.stl
[0.172s] -- Up-to-date: /home/quan/robot_arm_uav/install/robot_arm2/share/robot_arm2/meshes/new_arm/base_1.stl
[0.173s] -- Up-to-date: /home/quan/robot_arm_uav/install/robot_arm2/share/robot_arm2/meshes/new_arm/link1_1.stl
[0.173s] -- Up-to-date: /home/quan/robot_arm_uav/install/robot_arm2/share/robot_arm2/meshes/new_arm/hopp_1.stl
[0.174s] -- Up-to-date: /home/quan/robot_arm_uav/install/robot_arm2/share/robot_arm2/urdf
[0.174s] -- Up-to-date: /home/quan/robot_arm_uav/install/robot_arm2/share/robot_arm2/urdf/materials.xacro
[0.174s] -- Up-to-date: /home/quan/robot_arm_uav/install/robot_arm2/share/robot_arm2/urdf/new_arm
[0.175s] -- Up-to-date: /home/quan/robot_arm_uav/install/robot_arm2/share/robot_arm2/urdf/new_arm/materials.xacro
[0.175s] -- Up-to-date: /home/quan/robot_arm_uav/install/robot_arm2/share/robot_arm2/urdf/new_arm/new_arm.gazebo.xacro
[0.175s] -- Up-to-date: /home/quan/robot_arm_uav/install/robot_arm2/share/robot_arm2/urdf/new_arm/new_arm.ros2_control.xacro
[0.176s] -- Up-to-date: /home/quan/robot_arm_uav/install/robot_arm2/share/robot_arm2/urdf/new_arm/new_arm.xacro
[0.176s] -- Up-to-date: /home/quan/robot_arm_uav/install/robot_arm2/share/robot_arm2/launch
[0.176s] -- Up-to-date: /home/quan/robot_arm_uav/install/robot_arm2/share/robot_arm2/launch/new_arm_gazebo.launch.py
[0.177s] -- Up-to-date: /home/quan/robot_arm_uav/install/robot_arm2/share/robot_arm2/config
[0.177s] -- Up-to-date: /home/quan/robot_arm_uav/install/robot_arm2/share/robot_arm2/config/new_arm_controllers.yaml
[0.177s] -- Up-to-date: /home/quan/robot_arm_uav/install/robot_arm2/share/robot_arm2/scripts
[0.177s] -- Installing: /home/quan/robot_arm_uav/install/robot_arm2/share/robot_arm2/scripts/log
[0.178s] -- Installing: /home/quan/robot_arm_uav/install/robot_arm2/share/robot_arm2/scripts/log/latest_build
[0.178s] -- Installing: /home/quan/robot_arm_uav/install/robot_arm2/share/robot_arm2/scripts/log/build_2026-03-27_16-31-06
[0.178s] -- Installing: /home/quan/robot_arm_uav/install/robot_arm2/share/robot_arm2/scripts/log/build_2026-03-27_16-31-06/events.log
[0.178s] -- Installing: /home/quan/robot_arm_uav/install/robot_arm2/share/robot_arm2/scripts/log/build_2026-03-27_16-31-06/logger_all.log
[0.178s] -- Installing: /home/quan/robot_arm_uav/install/robot_arm2/share/robot_arm2/scripts/log/COLCON_IGNORE
[0.179s] -- Installing: /home/quan/robot_arm_uav/install/robot_arm2/share/robot_arm2/scripts/log/latest
[0.179s] -- Installing: /home/quan/robot_arm_uav/install/robot_arm2/share/robot_arm2/scripts/build
[0.179s] -- Installing: /home/quan/robot_arm_uav/install/robot_arm2/share/robot_arm2/scripts/build/.built_by
[0.179s] -- Installing: /home/quan/robot_arm_uav/install/robot_arm2/share/robot_arm2/scripts/build/COLCON_IGNORE
[0.180s] -- Up-to-date: /home/quan/robot_arm_uav/install/robot_arm2/share/robot_arm2/scripts/predict_com_realtime.py
[0.180s] -- Up-to-date: /home/quan/robot_arm_uav/install/robot_arm2/share/robot_arm2/scripts/planar_trajectory.py
[0.180s] -- Up-to-date: /home/quan/robot_arm_uav/install/robot_arm2/share/robot_arm2/scripts/com_visualizer_node.py
[0.180s] -- Up-to-date: /home/quan/robot_arm_uav/install/robot_arm2/share/robot_arm2/scripts/data_generator.py
[0.180s] -- Up-to-date: /home/quan/robot_arm_uav/install/robot_arm2/share/robot_arm2/scripts/__pycache__
[0.180s] -- Up-to-date: /home/quan/robot_arm_uav/install/robot_arm2/share/robot_arm2/scripts/__pycache__/fk.cpython-310.pyc
[0.181s] -- Installing: /home/quan/robot_arm_uav/install/robot_arm2/share/robot_arm2/scripts/__pycache__/com_dashboard.cpython-310.pyc
[0.181s] -- Up-to-date: /home/quan/robot_arm_uav/install/robot_arm2/share/robot_arm2/scripts/__pycache__/data_generator.cpython-310.pyc
[0.181s] -- Up-to-date: /home/quan/robot_arm_uav/install/robot_arm2/share/robot_arm2/scripts/__pycache__/com_visualizer_node.cpython-310.pyc
[0.181s] -- Up-to-date: /home/quan/robot_arm_uav/install/robot_arm2/share/robot_arm2/scripts/calculate_global_com.py
[0.181s] -- Up-to-date: /home/quan/robot_arm_uav/install/robot_arm2/share/robot_arm2/scripts/train_1d_cnn.py
[0.182s] -- Up-to-date: /home/quan/robot_arm_uav/install/robot_arm2/share/robot_arm2/scripts/fk.py
[0.182s] -- Up-to-date: /home/quan/robot_arm_uav/install/robot_arm2/share/robot_arm2/scripts/new_arm_joint_slider.py
[0.182s] -- Up-to-date: /home/quan/robot_arm_uav/install/robot_arm2/share/robot_arm2/scripts/preprocess_com.py
[0.184s] -- Installing: /home/quan/robot_arm_uav/install/robot_arm2/share/robot_arm2/scripts/install
[0.184s] -- Installing: /home/quan/robot_arm_uav/install/robot_arm2/share/robot_arm2/scripts/install/.colcon_install_layout
[0.184s] -- Installing: /home/quan/robot_arm_uav/install/robot_arm2/share/robot_arm2/scripts/install/setup.zsh
[0.184s] -- Installing: /home/quan/robot_arm_uav/install/robot_arm2/share/robot_arm2/scripts/install/local_setup.ps1
[0.184s] -- Installing: /home/quan/robot_arm_uav/install/robot_arm2/share/robot_arm2/scripts/install/setup.bash
[0.184s] -- Installing: /home/quan/robot_arm_uav/install/robot_arm2/share/robot_arm2/scripts/install/local_setup.zsh
[0.185s] -- Installing: /home/quan/robot_arm_uav/install/robot_arm2/share/robot_arm2/scripts/install/setup.sh
[0.185s] -- Installing: /home/quan/robot_arm_uav/install/robot_arm2/share/robot_arm2/scripts/install/setup.ps1
[0.185s] -- Installing: /home/quan/robot_arm_uav/install/robot_arm2/share/robot_arm2/scripts/install/local_setup.sh
[0.185s] -- Installing: /home/quan/robot_arm_uav/install/robot_arm2/share/robot_arm2/scripts/install/_local_setup_util_ps1.py
[0.186s] -- Installing: /home/quan/robot_arm_uav/install/robot_arm2/share/robot_arm2/scripts/install/COLCON_IGNORE
[0.186s] -- Installing: /home/quan/robot_arm_uav/install/robot_arm2/share/robot_arm2/scripts/install/local_setup.bash
[0.186s] -- Installing: /home/quan/robot_arm_uav/install/robot_arm2/share/robot_arm2/scripts/install/_local_setup_util_sh.py
[0.186s] -- Installing: /home/quan/robot_arm_uav/install/robot_arm2/share/robot_arm2/scripts/com_dashboard.py
[0.186s] -- Up-to-date: /home/quan/robot_arm_uav/install/robot_arm2/lib/robot_arm2/new_arm_joint_slider.py
[0.186s] -- Up-to-date: /home/quan/robot_arm_uav/install/robot_arm2/share/ament_index/resource_index/package_run_dependencies/robot_arm2
[0.187s] -- Up-to-date: /home/quan/robot_arm_uav/install/robot_arm2/share/ament_index/resource_index/parent_prefix_path/robot_arm2
[0.187s] -- Up-to-date: /home/quan/robot_arm_uav/install/robot_arm2/share/robot_arm2/environment/ament_prefix_path.sh
[0.187s] -- Up-to-date: /home/quan/robot_arm_uav/install/robot_arm2/share/robot_arm2/environment/ament_prefix_path.dsv
[0.187s] -- Up-to-date: /home/quan/robot_arm_uav/install/robot_arm2/share/robot_arm2/environment/path.sh
[0.187s] -- Up-to-date: /home/quan/robot_arm_uav/install/robot_arm2/share/robot_arm2/environment/path.dsv
[0.187s] -- Up-to-date: /home/quan/robot_arm_uav/install/robot_arm2/share/robot_arm2/local_setup.bash
[0.188s] -- Up-to-date: /home/quan/robot_arm_uav/install/robot_arm2/share/robot_arm2/local_setup.sh
[0.188s] -- Up-to-date: /home/quan/robot_arm_uav/install/robot_arm2/share/robot_arm2/local_setup.zsh
[0.188s] -- Up-to-date: /home/quan/robot_arm_uav/install/robot_arm2/share/robot_arm2/local_setup.dsv
[0.188s] -- Up-to-date: /home/quan/robot_arm_uav/install/robot_arm2/share/robot_arm2/package.dsv
[0.188s] -- Up-to-date: /home/quan/robot_arm_uav/install/robot_arm2/share/ament_index/resource_index/packages/robot_arm2
[0.189s] -- Up-to-date: /home/quan/robot_arm_uav/install/robot_arm2/share/robot_arm2/cmake/robot_arm2Config.cmake
[0.189s] -- Up-to-date: /home/quan/robot_arm_uav/install/robot_arm2/share/robot_arm2/cmake/robot_arm2Config-version.cmake
[0.189s] -- Up-to-date: /home/quan/robot_arm_uav/install/robot_arm2/share/robot_arm2/package.xml
[0.189s] Invoked command in '/home/quan/robot_arm_uav/build/robot_arm2' returned '0': CMAKE_PREFIX_PATH=/opt/ros/humble /usr/bin/cmake --install /home/quan/robot_arm_uav/build/robot_arm2
