[0.405s] DEBUG:colcon:Command line arguments: ['/usr/bin/colcon', 'build', '--packages-select', 'robot_arm2']
[0.405s] DEBUG:colcon:Parsed command line arguments: Namespace(log_base=None, log_level=None, verb_name='build', build_base='build', install_base='install', merge_install=False, symlink_install=False, test_result_base=None, continue_on_error=False, executor='parallel', parallel_workers=8, event_handlers=None, ignore_user_meta=False, metas=['./colcon.meta'], base_paths=['.'], packages_ignore=None, packages_ignore_regex=None, paths=None, packages_up_to=None, packages_up_to_regex=None, packages_above=None, packages_above_and_dependencies=None, packages_above_depth=None, packages_select_by_dep=None, packages_skip_by_dep=None, packages_skip_up_to=None, packages_select_build_failed=False, packages_skip_build_finished=False, packages_select_test_failures=False, packages_skip_test_passed=False, packages_select=['robot_arm2'], packages_skip=None, packages_select_regex=None, packages_skip_regex=None, packages_start=None, packages_end=None, allow_overriding=[], cmake_args=None, cmake_target=None, cmake_target_skip_unavailable=False, cmake_clean_cache=False, cmake_clean_first=False, cmake_force_configure=False, ament_cmake_args=None, catkin_cmake_args=None, catkin_skip_building_tests=False, verb_parser=<colcon_defaults.argument_parser.defaults.DefaultArgumentsDecorator object at 0x7c40f1b6e1a0>, verb_extension=<colcon_core.verb.build.BuildVerb object at 0x7c40f1c47ca0>, main=<bound method BuildVerb.main of <colcon_core.verb.build.BuildVerb object at 0x7c40f1c47ca0>>)
[1.114s] Level 1:colcon.colcon_core.package_discovery:discover_packages(colcon_meta) check parameters
[1.115s] Level 1:colcon.colcon_core.package_discovery:discover_packages(recursive) check parameters
[1.115s] Level 1:colcon.colcon_core.package_discovery:discover_packages(ignore) check parameters
[1.115s] Level 1:colcon.colcon_core.package_discovery:discover_packages(path) check parameters
[1.115s] Level 1:colcon.colcon_core.package_discovery:discover_packages(colcon_meta) discover
[1.115s] Level 1:colcon.colcon_core.package_discovery:discover_packages(recursive) discover
[1.115s] INFO:colcon.colcon_core.package_discovery:Crawling recursively for packages in '/home/quan/robot_arm_uav'
[1.116s] Level 1:colcon.colcon_core.package_identification:_identify(.) by extensions ['ignore', 'ignore_ament_install']
[1.116s] Level 1:colcon.colcon_core.package_identification:_identify(.) by extension 'ignore'
[1.116s] Level 1:colcon.colcon_core.package_identification:_identify(.) by extension 'ignore_ament_install'
[1.116s] Level 1:colcon.colcon_core.package_identification:_identify(.) by extensions ['colcon_pkg']
[1.117s] Level 1:colcon.colcon_core.package_identification:_identify(.) by extension 'colcon_pkg'
[1.117s] Level 1:colcon.colcon_core.package_identification:_identify(.) by extensions ['colcon_meta']
[1.117s] Level 1:colcon.colcon_core.package_identification:_identify(.) by extension 'colcon_meta'
[1.117s] Level 1:colcon.colcon_core.package_identification:_identify(.) by extensions ['ros']
[1.117s] Level 1:colcon.colcon_core.package_identification:_identify(.) by extension 'ros'
[1.152s] Level 1:colcon.colcon_core.package_identification:_identify(.) by extensions ['cmake', 'python']
[1.153s] Level 1:colcon.colcon_core.package_identification:_identify(.) by extension 'cmake'
[1.153s] Level 1:colcon.colcon_core.package_identification:_identify(.) by extension 'python'
[1.153s] Level 1:colcon.colcon_core.package_identification:_identify(.) by extensions ['python_setup_py']
[1.153s] Level 1:colcon.colcon_core.package_identification:_identify(.) by extension 'python_setup_py'
[1.153s] Level 1:colcon.colcon_core.package_identification:_identify(build) by extensions ['ignore', 'ignore_ament_install']
[1.153s] Level 1:colcon.colcon_core.package_identification:_identify(build) by extension 'ignore'
[1.154s] Level 1:colcon.colcon_core.package_identification:_identify(build) ignored
[1.154s] Level 1:colcon.colcon_core.package_identification:_identify(install) by extensions ['ignore', 'ignore_ament_install']
[1.154s] Level 1:colcon.colcon_core.package_identification:_identify(install) by extension 'ignore'
[1.155s] Level 1:colcon.colcon_core.package_identification:_identify(install) ignored
[1.155s] Level 1:colcon.colcon_core.package_identification:_identify(log) by extensions ['ignore', 'ignore_ament_install']
[1.155s] Level 1:colcon.colcon_core.package_identification:_identify(log) by extension 'ignore'
[1.155s] Level 1:colcon.colcon_core.package_identification:_identify(log) ignored
[1.156s] Level 1:colcon.colcon_core.package_identification:_identify(ros2_ws) by extensions ['ignore', 'ignore_ament_install']
[1.156s] Level 1:colcon.colcon_core.package_identification:_identify(ros2_ws) by extension 'ignore'
[1.156s] Level 1:colcon.colcon_core.package_identification:_identify(ros2_ws) by extension 'ignore_ament_install'
[1.156s] Level 1:colcon.colcon_core.package_identification:_identify(ros2_ws) by extensions ['colcon_pkg']
[1.156s] Level 1:colcon.colcon_core.package_identification:_identify(ros2_ws) by extension 'colcon_pkg'
[1.156s] Level 1:colcon.colcon_core.package_identification:_identify(ros2_ws) by extensions ['colcon_meta']
[1.156s] Level 1:colcon.colcon_core.package_identification:_identify(ros2_ws) by extension 'colcon_meta'
[1.157s] Level 1:colcon.colcon_core.package_identification:_identify(ros2_ws) by extensions ['ros']
[1.157s] Level 1:colcon.colcon_core.package_identification:_identify(ros2_ws) by extension 'ros'
[1.157s] Level 1:colcon.colcon_core.package_identification:_identify(ros2_ws) by extensions ['cmake', 'python']
[1.157s] Level 1:colcon.colcon_core.package_identification:_identify(ros2_ws) by extension 'cmake'
[1.157s] Level 1:colcon.colcon_core.package_identification:_identify(ros2_ws) by extension 'python'
[1.157s] Level 1:colcon.colcon_core.package_identification:_identify(ros2_ws) by extensions ['python_setup_py']
[1.157s] Level 1:colcon.colcon_core.package_identification:_identify(ros2_ws) by extension 'python_setup_py'
[1.158s] Level 1:colcon.colcon_core.package_identification:_identify(ros2_ws/build) by extensions ['ignore', 'ignore_ament_install']
[1.158s] Level 1:colcon.colcon_core.package_identification:_identify(ros2_ws/build) by extension 'ignore'
[1.158s] Level 1:colcon.colcon_core.package_identification:_identify(ros2_ws/build) ignored
[1.158s] Level 1:colcon.colcon_core.package_identification:_identify(ros2_ws/install) by extensions ['ignore', 'ignore_ament_install']
[1.159s] Level 1:colcon.colcon_core.package_identification:_identify(ros2_ws/install) by extension 'ignore'
[1.159s] Level 1:colcon.colcon_core.package_identification:_identify(ros2_ws/install) ignored
[1.159s] Level 1:colcon.colcon_core.package_identification:_identify(ros2_ws/log) by extensions ['ignore', 'ignore_ament_install']
[1.160s] Level 1:colcon.colcon_core.package_identification:_identify(ros2_ws/log) by extension 'ignore'
[1.160s] Level 1:colcon.colcon_core.package_identification:_identify(ros2_ws/log) ignored
[1.161s] Level 1:colcon.colcon_core.package_identification:_identify(ros2_ws/preprocessed) by extensions ['ignore', 'ignore_ament_install']
[1.161s] Level 1:colcon.colcon_core.package_identification:_identify(ros2_ws/preprocessed) by extension 'ignore'
[1.161s] Level 1:colcon.colcon_core.package_identification:_identify(ros2_ws/preprocessed) by extension 'ignore_ament_install'
[1.161s] Level 1:colcon.colcon_core.package_identification:_identify(ros2_ws/preprocessed) by extensions ['colcon_pkg']
[1.161s] Level 1:colcon.colcon_core.package_identification:_identify(ros2_ws/preprocessed) by extension 'colcon_pkg'
[1.162s] Level 1:colcon.colcon_core.package_identification:_identify(ros2_ws/preprocessed) by extensions ['colcon_meta']
[1.162s] Level 1:colcon.colcon_core.package_identification:_identify(ros2_ws/preprocessed) by extension 'colcon_meta'
[1.162s] Level 1:colcon.colcon_core.package_identification:_identify(ros2_ws/preprocessed) by extensions ['ros']
[1.162s] Level 1:colcon.colcon_core.package_identification:_identify(ros2_ws/preprocessed) by extension 'ros'
[1.162s] Level 1:colcon.colcon_core.package_identification:_identify(ros2_ws/preprocessed) by extensions ['cmake', 'python']
[1.162s] Level 1:colcon.colcon_core.package_identification:_identify(ros2_ws/preprocessed) by extension 'cmake'
[1.162s] Level 1:colcon.colcon_core.package_identification:_identify(ros2_ws/preprocessed) by extension 'python'
[1.163s] Level 1:colcon.colcon_core.package_identification:_identify(ros2_ws/preprocessed) by extensions ['python_setup_py']
[1.163s] Level 1:colcon.colcon_core.package_identification:_identify(ros2_ws/preprocessed) by extension 'python_setup_py'
[1.163s] Level 1:colcon.colcon_core.package_identification:_identify(ros2_ws/src) by extensions ['ignore', 'ignore_ament_install']
[1.163s] Level 1:colcon.colcon_core.package_identification:_identify(ros2_ws/src) by extension 'ignore'
[1.163s] Level 1:colcon.colcon_core.package_identification:_identify(ros2_ws/src) by extension 'ignore_ament_install'
[1.164s] Level 1:colcon.colcon_core.package_identification:_identify(ros2_ws/src) by extensions ['colcon_pkg']
[1.164s] Level 1:colcon.colcon_core.package_identification:_identify(ros2_ws/src) by extension 'colcon_pkg'
[1.164s] Level 1:colcon.colcon_core.package_identification:_identify(ros2_ws/src) by extensions ['colcon_meta']
[1.164s] Level 1:colcon.colcon_core.package_identification:_identify(ros2_ws/src) by extension 'colcon_meta'
[1.164s] Level 1:colcon.colcon_core.package_identification:_identify(ros2_ws/src) by extensions ['ros']
[1.164s] Level 1:colcon.colcon_core.package_identification:_identify(ros2_ws/src) by extension 'ros'
[1.165s] Level 1:colcon.colcon_core.package_identification:_identify(ros2_ws/src) by extensions ['cmake', 'python']
[1.165s] Level 1:colcon.colcon_core.package_identification:_identify(ros2_ws/src) by extension 'cmake'
[1.165s] Level 1:colcon.colcon_core.package_identification:_identify(ros2_ws/src) by extension 'python'
[1.165s] Level 1:colcon.colcon_core.package_identification:_identify(ros2_ws/src) by extensions ['python_setup_py']
[1.165s] Level 1:colcon.colcon_core.package_identification:_identify(ros2_ws/src) by extension 'python_setup_py'
[1.165s] Level 1:colcon.colcon_core.package_identification:_identify(ros2_ws/src/robot_arm2) by extensions ['ignore', 'ignore_ament_install']
[1.166s] Level 1:colcon.colcon_core.package_identification:_identify(ros2_ws/src/robot_arm2) by extension 'ignore'
[1.166s] Level 1:colcon.colcon_core.package_identification:_identify(ros2_ws/src/robot_arm2) by extension 'ignore_ament_install'
[1.166s] Level 1:colcon.colcon_core.package_identification:_identify(ros2_ws/src/robot_arm2) by extensions ['colcon_pkg']
[1.166s] Level 1:colcon.colcon_core.package_identification:_identify(ros2_ws/src/robot_arm2) by extension 'colcon_pkg'
[1.166s] Level 1:colcon.colcon_core.package_identification:_identify(ros2_ws/src/robot_arm2) by extensions ['colcon_meta']
[1.166s] Level 1:colcon.colcon_core.package_identification:_identify(ros2_ws/src/robot_arm2) by extension 'colcon_meta'
[1.167s] Level 1:colcon.colcon_core.package_identification:_identify(ros2_ws/src/robot_arm2) by extensions ['ros']
[1.167s] Level 1:colcon.colcon_core.package_identification:_identify(ros2_ws/src/robot_arm2) by extension 'ros'
[1.196s] DEBUG:colcon.colcon_core.package_identification:Package 'ros2_ws/src/robot_arm2' with type 'ros.ament_cmake' and name 'robot_arm2'
[1.196s] Level 1:colcon.colcon_core.package_discovery:discover_packages(recursive) using defaults
[1.196s] Level 1:colcon.colcon_core.package_discovery:discover_packages(ignore) discover
[1.196s] Level 1:colcon.colcon_core.package_discovery:discover_packages(ignore) using defaults
[1.197s] Level 1:colcon.colcon_core.package_discovery:discover_packages(path) discover
[1.197s] Level 1:colcon.colcon_core.package_discovery:discover_packages(path) using defaults
[1.265s] Level 1:colcon.colcon_core.package_discovery:discover_packages(prefix_path) check parameters
[1.266s] Level 1:colcon.colcon_core.package_discovery:discover_packages(prefix_path) discover
[1.274s] DEBUG:colcon.colcon_installed_package_information.package_discovery:Found 336 installed packages in /opt/ros/humble
[1.279s] Level 1:colcon.colcon_core.package_discovery:discover_packages(prefix_path) using defaults
[1.389s] Level 5:colcon.colcon_core.verb:set package 'robot_arm2' build argument 'cmake_args' from command line to 'None'
[1.389s] Level 5:colcon.colcon_core.verb:set package 'robot_arm2' build argument 'cmake_target' from command line to 'None'
[1.389s] Level 5:colcon.colcon_core.verb:set package 'robot_arm2' build argument 'cmake_target_skip_unavailable' from command line to 'False'
[1.389s] Level 5:colcon.colcon_core.verb:set package 'robot_arm2' build argument 'cmake_clean_cache' from command line to 'False'
[1.389s] Level 5:colcon.colcon_core.verb:set package 'robot_arm2' build argument 'cmake_clean_first' from command line to 'False'
[1.389s] Level 5:colcon.colcon_core.verb:set package 'robot_arm2' build argument 'cmake_force_configure' from command line to 'False'
[1.389s] Level 5:colcon.colcon_core.verb:set package 'robot_arm2' build argument 'ament_cmake_args' from command line to 'None'
[1.389s] Level 5:colcon.colcon_core.verb:set package 'robot_arm2' build argument 'catkin_cmake_args' from command line to 'None'
[1.389s] Level 5:colcon.colcon_core.verb:set package 'robot_arm2' build argument 'catkin_skip_building_tests' from command line to 'False'
[1.390s] DEBUG:colcon.colcon_core.verb:Building package 'robot_arm2' with the following arguments: {'ament_cmake_args': None, 'build_base': '/home/quan/robot_arm_uav/build/robot_arm2', 'catkin_cmake_args': None, 'catkin_skip_building_tests': False, 'cmake_args': None, 'cmake_clean_cache': False, 'cmake_clean_first': False, 'cmake_force_configure': False, 'cmake_target': None, 'cmake_target_skip_unavailable': False, 'install_base': '/home/quan/robot_arm_uav/install/robot_arm2', 'merge_install': False, 'path': '/home/quan/robot_arm_uav/ros2_ws/src/robot_arm2', 'symlink_install': False, 'test_result_base': None}
[1.390s] INFO:colcon.colcon_core.executor:Executing jobs using 'parallel' executor
[1.392s] DEBUG:colcon.colcon_parallel_executor.executor.parallel:run_until_complete
[1.393s] INFO:colcon.colcon_ros.task.ament_cmake.build:Building ROS package in '/home/quan/robot_arm_uav/ros2_ws/src/robot_arm2' with build type 'ament_cmake'
[1.393s] INFO:colcon.colcon_cmake.task.cmake.build:Building CMake package in '/home/quan/robot_arm_uav/ros2_ws/src/robot_arm2'
[1.403s] INFO:colcon.colcon_core.plugin_system:Skipping extension 'colcon_core.shell.bat': Not used on non-Windows systems
[1.403s] INFO:colcon.colcon_core.shell:Skip shell extension 'powershell' for command environment: Not usable outside of PowerShell
[1.403s] DEBUG:colcon.colcon_core.shell:Skip shell extension 'dsv' for command environment
[1.420s] DEBUG:colcon.colcon_core.event_handler.log_command:Invoking command in '/home/quan/robot_arm_uav/build/robot_arm2': CMAKE_PREFIX_PATH=/opt/ros/humble /usr/bin/cmake /home/quan/robot_arm_uav/ros2_ws/src/robot_arm2 -DCMAKE_INSTALL_PREFIX=/home/quan/robot_arm_uav/install/robot_arm2
[3.468s] DEBUG:colcon.colcon_core.event_handler.log_command:Invoked command in '/home/quan/robot_arm_uav/build/robot_arm2' returned '0': CMAKE_PREFIX_PATH=/opt/ros/humble /usr/bin/cmake /home/quan/robot_arm_uav/ros2_ws/src/robot_arm2 -DCMAKE_INSTALL_PREFIX=/home/quan/robot_arm_uav/install/robot_arm2
[3.473s] DEBUG:colcon.colcon_core.event_handler.log_command:Invoking command in '/home/quan/robot_arm_uav/build/robot_arm2': CMAKE_PREFIX_PATH=/opt/ros/humble /usr/bin/cmake --build /home/quan/robot_arm_uav/build/robot_arm2 -- -j8 -l8
[3.568s] DEBUG:colcon.colcon_core.event_handler.log_command:Invoked command in '/home/quan/robot_arm_uav/build/robot_arm2' returned '0': CMAKE_PREFIX_PATH=/opt/ros/humble /usr/bin/cmake --build /home/quan/robot_arm_uav/build/robot_arm2 -- -j8 -l8
[3.588s] DEBUG:colcon.colcon_core.event_handler.log_command:Invoking command in '/home/quan/robot_arm_uav/build/robot_arm2': CMAKE_PREFIX_PATH=/opt/ros/humble /usr/bin/cmake --install /home/quan/robot_arm_uav/build/robot_arm2
[3.724s] Level 1:colcon.colcon_core.environment:create_environment_scripts_only(robot_arm2)
[3.726s] DEBUG:colcon.colcon_core.event_handler.log_command:Invoked command in '/home/quan/robot_arm_uav/build/robot_arm2' returned '0': CMAKE_PREFIX_PATH=/opt/ros/humble /usr/bin/cmake --install /home/quan/robot_arm_uav/build/robot_arm2
[3.736s] Level 1:colcon.colcon_core.environment:checking '/home/quan/robot_arm_uav/install/robot_arm2' for CMake module files
[3.738s] Level 1:colcon.colcon_core.environment:checking '/home/quan/robot_arm_uav/install/robot_arm2' for CMake config files
[3.739s] Level 1:colcon.colcon_core.shell:create_environment_hook('robot_arm2', 'cmake_prefix_path')
[3.740s] INFO:colcon.colcon_core.shell:Creating environment hook '/home/quan/robot_arm_uav/install/robot_arm2/share/robot_arm2/hook/cmake_prefix_path.ps1'
[3.742s] INFO:colcon.colcon_core.shell:Creating environment descriptor '/home/quan/robot_arm_uav/install/robot_arm2/share/robot_arm2/hook/cmake_prefix_path.dsv'
[3.743s] INFO:colcon.colcon_core.shell:Creating environment hook '/home/quan/robot_arm_uav/install/robot_arm2/share/robot_arm2/hook/cmake_prefix_path.sh'
[3.746s] Level 1:colcon.colcon_core.environment:checking '/home/quan/robot_arm_uav/install/robot_arm2/lib'
[3.746s] Level 1:colcon.colcon_core.environment:checking '/home/quan/robot_arm_uav/install/robot_arm2/bin'
[3.746s] Level 1:colcon.colcon_core.environment:checking '/home/quan/robot_arm_uav/install/robot_arm2/lib/pkgconfig/robot_arm2.pc'
[3.747s] Level 1:colcon.colcon_core.environment:checking '/home/quan/robot_arm_uav/install/robot_arm2/lib/python3.10/site-packages'
[3.748s] Level 1:colcon.colcon_core.environment:checking '/home/quan/robot_arm_uav/install/robot_arm2/bin'
[3.748s] INFO:colcon.colcon_core.shell:Creating package script '/home/quan/robot_arm_uav/install/robot_arm2/share/robot_arm2/package.ps1'
[3.751s] INFO:colcon.colcon_core.shell:Creating package descriptor '/home/quan/robot_arm_uav/install/robot_arm2/share/robot_arm2/package.dsv'
[3.752s] INFO:colcon.colcon_core.shell:Creating package script '/home/quan/robot_arm_uav/install/robot_arm2/share/robot_arm2/package.sh'
[3.754s] INFO:colcon.colcon_core.shell:Creating package script '/home/quan/robot_arm_uav/install/robot_arm2/share/robot_arm2/package.bash'
[3.757s] INFO:colcon.colcon_core.shell:Creating package script '/home/quan/robot_arm_uav/install/robot_arm2/share/robot_arm2/package.zsh'
[3.759s] Level 1:colcon.colcon_core.environment:create_file_with_runtime_dependencies(/home/quan/robot_arm_uav/install/robot_arm2/share/colcon-core/packages/robot_arm2)
[3.761s] Level 1:colcon.colcon_core.environment:create_environment_scripts_only(robot_arm2)
[3.762s] Level 1:colcon.colcon_core.environment:checking '/home/quan/robot_arm_uav/install/robot_arm2' for CMake module files
[3.763s] Level 1:colcon.colcon_core.environment:checking '/home/quan/robot_arm_uav/install/robot_arm2' for CMake config files
[3.764s] Level 1:colcon.colcon_core.shell:create_environment_hook('robot_arm2', 'cmake_prefix_path')
[3.764s] INFO:colcon.colcon_core.shell:Creating environment hook '/home/quan/robot_arm_uav/install/robot_arm2/share/robot_arm2/hook/cmake_prefix_path.ps1'
[3.765s] INFO:colcon.colcon_core.shell:Creating environment descriptor '/home/quan/robot_arm_uav/install/robot_arm2/share/robot_arm2/hook/cmake_prefix_path.dsv'
[3.766s] INFO:colcon.colcon_core.shell:Creating environment hook '/home/quan/robot_arm_uav/install/robot_arm2/share/robot_arm2/hook/cmake_prefix_path.sh'
[3.767s] Level 1:colcon.colcon_core.environment:checking '/home/quan/robot_arm_uav/install/robot_arm2/lib'
[3.768s] Level 1:colcon.colcon_core.environment:checking '/home/quan/robot_arm_uav/install/robot_arm2/bin'
[3.768s] Level 1:colcon.colcon_core.environment:checking '/home/quan/robot_arm_uav/install/robot_arm2/lib/pkgconfig/robot_arm2.pc'
[3.768s] Level 1:colcon.colcon_core.environment:checking '/home/quan/robot_arm_uav/install/robot_arm2/lib/python3.10/site-packages'
[3.770s] Level 1:colcon.colcon_core.environment:checking '/home/quan/robot_arm_uav/install/robot_arm2/bin'
[3.770s] INFO:colcon.colcon_core.shell:Creating package script '/home/quan/robot_arm_uav/install/robot_arm2/share/robot_arm2/package.ps1'
[3.772s] INFO:colcon.colcon_core.shell:Creating package descriptor '/home/quan/robot_arm_uav/install/robot_arm2/share/robot_arm2/package.dsv'
[3.773s] INFO:colcon.colcon_core.shell:Creating package script '/home/quan/robot_arm_uav/install/robot_arm2/share/robot_arm2/package.sh'
[3.774s] INFO:colcon.colcon_core.shell:Creating package script '/home/quan/robot_arm_uav/install/robot_arm2/share/robot_arm2/package.bash'
[3.775s] INFO:colcon.colcon_core.shell:Creating package script '/home/quan/robot_arm_uav/install/robot_arm2/share/robot_arm2/package.zsh'
[3.777s] Level 1:colcon.colcon_core.environment:create_file_with_runtime_dependencies(/home/quan/robot_arm_uav/install/robot_arm2/share/colcon-core/packages/robot_arm2)
[3.777s] DEBUG:colcon.colcon_parallel_executor.executor.parallel:closing loop
[3.778s] DEBUG:colcon.colcon_parallel_executor.executor.parallel:loop closed
[3.778s] DEBUG:colcon.colcon_parallel_executor.executor.parallel:run_until_complete finished with '0'
[3.779s] DEBUG:colcon.colcon_core.event_reactor:joining thread
[3.798s] INFO:colcon.colcon_core.plugin_system:Skipping extension 'colcon_notification.desktop_notification.terminal_notifier': Not used on non-Darwin systems
[3.798s] INFO:colcon.colcon_core.plugin_system:Skipping extension 'colcon_notification.desktop_notification.win32': Not used on non-Windows systems
[3.799s] INFO:colcon.colcon_notification.desktop_notification:Sending desktop notification using 'notify2'
[3.867s] DEBUG:colcon.colcon_core.event_reactor:joined thread
[3.868s] INFO:colcon.colcon_core.shell:Creating prefix script '/home/quan/robot_arm_uav/install/local_setup.ps1'
[3.871s] INFO:colcon.colcon_core.shell:Creating prefix util module '/home/quan/robot_arm_uav/install/_local_setup_util_ps1.py'
[3.878s] INFO:colcon.colcon_core.shell:Creating prefix chain script '/home/quan/robot_arm_uav/install/setup.ps1'
[3.883s] INFO:colcon.colcon_core.shell:Creating prefix script '/home/quan/robot_arm_uav/install/local_setup.sh'
[3.885s] INFO:colcon.colcon_core.shell:Creating prefix util module '/home/quan/robot_arm_uav/install/_local_setup_util_sh.py'
[3.887s] INFO:colcon.colcon_core.shell:Creating prefix chain script '/home/quan/robot_arm_uav/install/setup.sh'
[3.892s] INFO:colcon.colcon_core.shell:Creating prefix script '/home/quan/robot_arm_uav/install/local_setup.bash'
[3.894s] INFO:colcon.colcon_core.shell:Creating prefix chain script '/home/quan/robot_arm_uav/install/setup.bash'
[3.897s] INFO:colcon.colcon_core.shell:Creating prefix script '/home/quan/robot_arm_uav/install/local_setup.zsh'
[3.899s] INFO:colcon.colcon_core.shell:Creating prefix chain script '/home/quan/robot_arm_uav/install/setup.zsh'
